<?xml version="1.0" encoding="UTF-8"?>
<!-- Generated by org.testng.reporters.JUnitReportReporter -->
<testsuite hostname="DESKTOP-5EVK54D" failures="0" tests="3" name="runner.CampaignRunner" time="0.623" errors="0" timestamp="2024-08-01T07:02:44 IST" skipped="0">
  <testcase classname="runner.CampaignRunner" name="runScenario" time="0.516"/>
  <system-out/>
  <testcase classname="runner.CampaignRunner" name="runScenario" time="0.060"/>
  <system-out/>
  <testcase classname="runner.CampaignRunner" name="runScenario" time="0.047"/>
  <system-out/>
</testsuite> <!-- runner.CampaignRunner -->
