<?xml version="1.0" encoding="UTF-8"?>
<!-- Generated by org.testng.reporters.JUnitReportReporter -->
<testsuite hostname="DESKTOP-5EVK54D" failures="0" tests="4" name="runner.ScenarioOulineRunner" time="0.468" errors="0" timestamp="2024-07-27T07:42:39 IST" skipped="0">
  <testcase classname="runner.ScenarioOulineRunner" name="runScenario" time="0.050"/>
  <system-out/>
  <testcase classname="runner.ScenarioOulineRunner" name="runScenario" time="0.040"/>
  <system-out/>
  <testcase classname="runner.ScenarioOulineRunner" name="runScenario" time="0.312"/>
  <system-out/>
  <testcase classname="runner.ScenarioOulineRunner" name="runScenario" time="0.066"/>
  <system-out/>
</testsuite> <!-- runner.ScenarioOulineRunner -->
