<?xml version="1.0" encoding="UTF-8"?>
<!-- Generated by org.testng.reporters.JUnitReportReporter -->
<testsuite hostname="DESKTOP-5EVK54D" failures="0" tests="2" name="runner.OrderConfirmationRunner" time="0.791" errors="0" timestamp="2024-08-01T07:43:27 IST" skipped="0">
  <testcase classname="runner.OrderConfirmationRunner" name="runScenario" time="0.698"/>
  <system-out/>
  <testcase classname="runner.OrderConfirmationRunner" name="runScenario" time="0.093"/>
  <system-out/>
</testsuite> <!-- runner.OrderConfirmationRunner -->
