<?xml version="1.0" encoding="UTF-8"?>
<!-- Generated by org.testng.reporters.JUnitReportReporter -->
<testsuite hostname="DESKTOP-5EVK54D" failures="0" tests="1" name="runner.TestSuite" time="0.041" errors="0" timestamp="2024-07-17T07:46:22 IST" skipped="0">
  <testcase classname="runner.TestSuite" name="m1" time="0.041"/>
  <system-out/>
</testsuite> <!-- runner.TestSuite -->
