<?xml version="1.0" encoding="UTF-8"?>
<!-- Generated by org.testng.reporters.JUnitReportReporter -->
<testsuite hostname="DESKTOP-5EVK54D" failures="0" tests="3" name="runner.ProfileRunner" time="0.287" errors="0" timestamp="2024-07-26T07:56:06 IST" skipped="0">
  <testcase classname="runner.ProfileRunner" name="runScenario" time="0.022"/>
  <system-out/>
  <testcase classname="runner.ProfileRunner" name="runScenario" time="0.230"/>
  <system-out/>
  <testcase classname="runner.ProfileRunner" name="runScenario" time="0.035"/>
  <system-out/>
</testsuite> <!-- runner.ProfileRunner -->
