<?xml version="1.0" encoding="UTF-8"?>
<!-- Generated by org.testng.reporters.JUnitReportReporter -->
<testsuite hostname="DESKTOP-5EVK54D" failures="0" tests="1" name="runner.LoginWithDataRunner" time="0.480" errors="0" timestamp="2024-07-26T08:27:03 IST" skipped="0">
  <testcase classname="runner.LoginWithDataRunner" name="runScenario" time="0.480"/>
  <system-out/>
</testsuite> <!-- runner.LoginWithDataRunner -->
