<?xml version="1.0" encoding="UTF-8"?>
<!-- Generated by org.testng.reporters.JUnitReportReporter -->
<testsuite hostname="DESKTOP-5EVK54D" failures="0" tests="1" name="uiappfeature.AmazonFailedScenarioRunner" time="10.186" errors="0" timestamp="2024-08-05T08:12:24 IST" skipped="0">
  <testcase classname="uiappfeature.AmazonFailedScenarioRunner" name="runScenario" time="10.186"/>
  <system-out/>
</testsuite> <!-- uiappfeature.AmazonFailedScenarioRunner -->
